# JRE version: OpenJDK Runtime Environment Temurin-21.0.6+7 (21.0.6+7) (build 21.0.6+7-LTS)
# Java VM: OpenJDK 64-Bit Server VM Temurin-21.0.6+7 (21.0.6+7-LTS, mixed mode, emulated-client, sharing, tiered, compressed oops, compressed class ptrs, g1 gc, windows-amd64)
GC Precious Log:
 CardTable entry size: 512
 Card Set container configuration: InlinePtr #cards 5 size 8 Array Of Cards #cards 12 size 40 Howl #buckets 4 coarsen threshold 1843 Howl Bitmap #cards 512 size 80 coarsen threshold 460 Card regions per heap region 1 cards per card region 2048
 CPUs: 12 total, 12 available
 Memory: 7569M
 Large Page Support: Disabled
 NUMA Support: Disabled
 Compressed Oops: Enabled (32-bit)
 Heap Region Size: 1M
 Heap Min Capacity: 8M
 Heap Initial Capacity: 120M
 Heap Max Capacity: 1894M
 Pre-touch: Disabled
 Parallel Workers: 10
 Concurrent Workers: 3
 Concurrent Refinement Workers: 10
 Periodic GC: Disabled
Heap:
 garbage-first heap   total 78848K, used 59903K [0x0000000089a00000, 0x0000000100000000)
  region size 1024K, 29 young (29696K), 4 survivors (4096K)
 Metaspace       used 77306K, committed 78016K, reserved 1179648K
  class space    used 10835K, committed 11136K, reserved 1048576K
GC Heap History (20 events):
Event: 16.212 GC heap before
{Heap before GC invocations=29 (full 0):
 garbage-first heap   total 78848K, used 66539K [0x0000000089a00000, 0x0000000100000000)
  region size 1024K, 38 young (38912K), 5 survivors (5120K)
 Metaspace       used 71463K, committed 72256K, reserved 1114112K
  class space    used 10032K, committed 10368K, reserved 1048576K
}
Event: 16.215 GC heap after
{Heap after GC invocations=30 (full 0):
 garbage-first heap   total 78848K, used 34818K [0x0000000089a00000, 0x0000000100000000)
  region size 1024K, 4 young (4096K), 4 survivors (4096K)
 Metaspace       used 71463K, committed 72256K, reserved 1114112K
  class space    used 10032K, committed 10368K, reserved 1048576K
}
Event: 16.901 GC heap before
{Heap before GC invocations=30 (full 0):
 garbage-first heap   total 78848K, used 67586K [0x0000000089a00000, 0x0000000100000000)
  region size 1024K, 37 young (37888K), 4 survivors (4096K)
 Metaspace       used 74735K, committed 75520K, reserved 1114112K
  class space    used 10497K, committed 10880K, reserved 1048576K
}
Event: 16.904 GC heap after
{Heap after GC invocations=31 (full 0):
 garbage-first heap   total 78848K, used 35572K [0x0000000089a00000, 0x0000000100000000)
  region size 1024K, 3 young (3072K), 3 survivors (3072K)
 Metaspace       used 74735K, committed 75520K, reserved 1114112K
  class space    used 10497K, committed 10880K, reserved 1048576K
}
Event: 346.402 GC heap before
{Heap before GC invocations=31 (full 0):
 garbage-first heap   total 78848K, used 55028K [0x0000000089a00000, 0x0000000100000000)
  region size 1024K, 23 young (23552K), 3 survivors (3072K)
 Metaspace       used 74970K, committed 75776K, reserved 1114112K
  class space    used 10546K, committed 10880K, reserved 1048576K
}
Event: 346.440 GC heap after
{Heap after GC invocations=32 (full 1):
 garbage-first heap   total 78848K, used 29426K [0x0000000089a00000, 0x0000000100000000)
  region size 1024K, 0 young (0K), 0 survivors (0K)
 Metaspace       used 74970K, committed 75776K, reserved 1114112K
  class space    used 10546K, committed 10880K, reserved 1048576K
}
Event: 346.831 GC heap before
{Heap before GC invocations=32 (full 1):
 garbage-first heap   total 78848K, used 70386K [0x0000000089a00000, 0x0000000100000000)
  region size 1024K, 41 young (41984K), 0 survivors (0K)
 Metaspace       used 75106K, committed 75968K, reserved 1114112K
  class space    used 10563K, committed 10944K, reserved 1048576K
}
Event: 346.835 GC heap after
{Heap after GC invocations=33 (full 1):
 garbage-first heap   total 78848K, used 33103K [0x0000000089a00000, 0x0000000100000000)
  region size 1024K, 4 young (4096K), 4 survivors (4096K)
 Metaspace       used 75106K, committed 75968K, reserved 1114112K
  class space    used 10563K, committed 10944K, reserved 1048576K
}
Event: 347.292 GC heap before
{Heap before GC invocations=33 (full 1):
 garbage-first heap   total 78848K, used 65871K [0x0000000089a00000, 0x0000000100000000)
  region size 1024K, 37 young (37888K), 4 survivors (4096K)
 Metaspace       used 75453K, committed 76288K, reserved 1179648K
  class space    used 10591K, committed 10944K, reserved 1048576K
}
Event: 347.295 GC heap after
{Heap after GC invocations=34 (full 1):
 garbage-first heap   total 78848K, used 35232K [0x0000000089a00000, 0x0000000100000000)
  region size 1024K, 3 young (3072K), 3 survivors (3072K)
 Metaspace       used 75453K, committed 76288K, reserved 1179648K
  class space    used 10591K, committed 10944K, reserved 1048576K
}
Event: 511.241 GC heap before
{Heap before GC invocations=34 (full 1):
 garbage-first heap   total 78848K, used 66976K [0x0000000089a00000, 0x0000000100000000)
  region size 1024K, 34 young (34816K), 3 survivors (3072K)
 Metaspace       used 75750K, committed 76608K, reserved 1179648K
  class space    used 10639K, committed 11008K, reserved 1048576K
}
Event: 511.243 GC heap after
{Heap after GC invocations=35 (full 1):
 garbage-first heap   total 78848K, used 36662K [0x0000000089a00000, 0x0000000100000000)
  region size 1024K, 4 young (4096K), 4 survivors (4096K)
 Metaspace       used 75750K, committed 76608K, reserved 1179648K
  class space    used 10639K, committed 11008K, reserved 1048576K
}
Event: 536.082 GC heap before
{Heap before GC invocations=36 (full 1):
 garbage-first heap   total 78848K, used 39734K [0x0000000089a00000, 0x0000000100000000)
  region size 1024K, 8 young (8192K), 4 survivors (4096K)
 Metaspace       used 75354K, committed 76608K, reserved 1179648K
  class space    used 10535K, committed 11008K, reserved 1048576K
}
Event: 536.121 GC heap after
{Heap after GC invocations=37 (full 2):
 garbage-first heap   total 78848K, used 24874K [0x0000000089a00000, 0x0000000100000000)
  region size 1024K, 0 young (0K), 0 survivors (0K)
 Metaspace       used 75322K, committed 76608K, reserved 1179648K
  class space    used 10531K, committed 11008K, reserved 1048576K
}
Event: 536.456 GC heap before
{Heap before GC invocations=37 (full 2):
 garbage-first heap   total 78848K, used 66858K [0x0000000089a00000, 0x0000000100000000)
  region size 1024K, 42 young (43008K), 0 survivors (0K)
 Metaspace       used 75538K, committed 76608K, reserved 1179648K
  class space    used 10569K, committed 11008K, reserved 1048576K
}
Event: 536.459 GC heap after
{Heap after GC invocations=38 (full 2):
 garbage-first heap   total 78848K, used 29703K [0x0000000089a00000, 0x0000000100000000)
  region size 1024K, 5 young (5120K), 5 survivors (5120K)
 Metaspace       used 75538K, committed 76608K, reserved 1179648K
  class space    used 10569K, committed 11008K, reserved 1048576K
}
Event: 536.999 GC heap before
{Heap before GC invocations=38 (full 2):
 garbage-first heap   total 78848K, used 64519K [0x0000000089a00000, 0x0000000100000000)
  region size 1024K, 40 young (40960K), 5 survivors (5120K)
 Metaspace       used 75947K, committed 76736K, reserved 1179648K
  class space    used 10615K, committed 11008K, reserved 1048576K
}
Event: 537.002 GC heap after
{Heap after GC invocations=39 (full 2):
 garbage-first heap   total 78848K, used 32559K [0x0000000089a00000, 0x0000000100000000)
  region size 1024K, 4 young (4096K), 4 survivors (4096K)
 Metaspace       used 75947K, committed 76736K, reserved 1179648K
  class space    used 10615K, committed 11008K, reserved 1048576K
}
Event: 661.825 GC heap before
{Heap before GC invocations=39 (full 2):
 garbage-first heap   total 78848K, used 65327K [0x0000000089a00000, 0x0000000100000000)
  region size 1024K, 36 young (36864K), 4 survivors (4096K)
 Metaspace       used 76270K, committed 77120K, reserved 1179648K
  class space    used 10655K, committed 11072K, reserved 1048576K
}
Event: 661.829 GC heap after
{Heap after GC invocations=40 (full 2):
 garbage-first heap   total 78848K, used 36351K [0x0000000089a00000, 0x0000000100000000)
  region size 1024K, 4 young (4096K), 4 survivors (4096K)
 Metaspace       used 76270K, committed 77120K, reserved 1179648K
  class space    used 10655K, committed 11072K, reserved 1048576K
}

