# JRE version: OpenJDK Runtime Environment Temurin-21.0.6+7 (21.0.6+7) (build 21.0.6+7-LTS)
# Java VM: OpenJDK 64-Bit Server VM Temurin-21.0.6+7 (21.0.6+7-LTS, mixed mode, emulated-client, sharing, tiered, compressed oops, compressed class ptrs, g1 gc, windows-amd64)
GC Precious Log:
 CardTable entry size: 512
 Card Set container configuration: InlinePtr #cards 5 size 8 Array Of Cards #cards 12 size 40 Howl #buckets 4 coarsen threshold 1843 Howl Bitmap #cards 512 size 80 coarsen threshold 460 Card regions per heap region 1 cards per card region 2048
 CPUs: 12 total, 12 available
 Memory: 7569M
 Large Page Support: Disabled
 NUMA Support: Disabled
 Compressed Oops: Enabled (32-bit)
 Heap Region Size: 1M
 Heap Min Capacity: 8M
 Heap Initial Capacity: 120M
 Heap Max Capacity: 1894M
 Pre-touch: Disabled
 Parallel Workers: 10
 Concurrent Workers: 3
 Concurrent Refinement Workers: 10
 Periodic GC: Disabled
Heap:
 garbage-first heap   total 99328K, used 40741K [0x0000000089a00000, 0x0000000100000000)
  region size 1024K, 15 young (15360K), 5 survivors (5120K)
 Metaspace       used 69567K, committed 70336K, reserved 1114112K
  class space    used 9695K, committed 10112K, reserved 1048576K
GC Heap History (20 events):
Event: 3.500 GC heap before
{Heap before GC invocations=22 (full 0):
 garbage-first heap   total 84992K, used 73765K [0x0000000089a00000, 0x0000000100000000)
  region size 1024K, 49 young (50176K), 4 survivors (4096K)
 Metaspace       used 61124K, committed 61824K, reserved 1114112K
  class space    used 8501K, committed 8832K, reserved 1048576K
}
Event: 3.505 GC heap after
{Heap after GC invocations=23 (full 0):
 garbage-first heap   total 84992K, used 28900K [0x0000000089a00000, 0x0000000100000000)
  region size 1024K, 6 young (6144K), 6 survivors (6144K)
 Metaspace       used 61124K, committed 61824K, reserved 1114112K
  class space    used 8501K, committed 8832K, reserved 1048576K
}
Event: 3.747 GC heap before
{Heap before GC invocations=23 (full 0):
 garbage-first heap   total 84992K, used 72932K [0x0000000089a00000, 0x0000000100000000)
  region size 1024K, 49 young (50176K), 6 survivors (6144K)
 Metaspace       used 64607K, committed 65280K, reserved 1114112K
  class space    used 9039K, committed 9344K, reserved 1048576K
}
Event: 3.750 GC heap after
{Heap after GC invocations=24 (full 0):
 garbage-first heap   total 84992K, used 30785K [0x0000000089a00000, 0x0000000100000000)
  region size 1024K, 6 young (6144K), 6 survivors (6144K)
 Metaspace       used 64607K, committed 65280K, reserved 1114112K
  class space    used 9039K, committed 9344K, reserved 1048576K
}
Event: 4.023 GC heap before
{Heap before GC invocations=24 (full 0):
 garbage-first heap   total 84992K, used 72769K [0x0000000089a00000, 0x0000000100000000)
  region size 1024K, 47 young (48128K), 6 survivors (6144K)
 Metaspace       used 67440K, committed 68160K, reserved 1114112K
  class space    used 9467K, committed 9792K, reserved 1048576K
}
Event: 4.026 GC heap after
{Heap after GC invocations=25 (full 0):
 garbage-first heap   total 84992K, used 33548K [0x0000000089a00000, 0x0000000100000000)
  region size 1024K, 5 young (5120K), 5 survivors (5120K)
 Metaspace       used 67440K, committed 68160K, reserved 1114112K
  class space    used 9467K, committed 9792K, reserved 1048576K
}
Event: 41.659 GC heap before
{Heap before GC invocations=25 (full 0):
 garbage-first heap   total 84992K, used 54028K [0x0000000089a00000, 0x0000000100000000)
  region size 1024K, 26 young (26624K), 5 survivors (5120K)
 Metaspace       used 68871K, committed 69632K, reserved 1114112K
  class space    used 9693K, committed 10048K, reserved 1048576K
}
Event: 41.692 GC heap after
{Heap after GC invocations=26 (full 1):
 garbage-first heap   total 84992K, used 27582K [0x0000000089a00000, 0x0000000100000000)
  region size 1024K, 0 young (0K), 0 survivors (0K)
 Metaspace       used 68871K, committed 69632K, reserved 1114112K
  class space    used 9693K, committed 10048K, reserved 1048576K
}
Event: 42.189 GC heap before
{Heap before GC invocations=26 (full 1):
 garbage-first heap   total 84992K, used 74686K [0x0000000089a00000, 0x0000000100000000)
  region size 1024K, 46 young (47104K), 0 survivors (0K)
 Metaspace       used 68977K, committed 69824K, reserved 1114112K
  class space    used 9710K, committed 10112K, reserved 1048576K
}
Event: 42.192 GC heap after
{Heap after GC invocations=27 (full 1):
 garbage-first heap   total 84992K, used 31627K [0x0000000089a00000, 0x0000000100000000)
  region size 1024K, 4 young (4096K), 4 survivors (4096K)
 Metaspace       used 68977K, committed 69824K, reserved 1114112K
  class space    used 9710K, committed 10112K, reserved 1048576K
}
Event: 55.693 GC heap before
{Heap before GC invocations=28 (full 1):
 garbage-first heap   total 84992K, used 71563K [0x0000000089a00000, 0x0000000100000000)
  region size 1024K, 43 young (44032K), 4 survivors (4096K)
 Metaspace       used 69258K, committed 70080K, reserved 1114112K
  class space    used 9733K, committed 10112K, reserved 1048576K
}
Event: 55.696 GC heap after
{Heap after GC invocations=29 (full 1):
 garbage-first heap   total 102400K, used 33053K [0x0000000089a00000, 0x0000000100000000)
  region size 1024K, 3 young (3072K), 3 survivors (3072K)
 Metaspace       used 69258K, committed 70080K, reserved 1114112K
  class space    used 9733K, committed 10112K, reserved 1048576K
}
Event: 188.780 GC heap before
{Heap before GC invocations=29 (full 1):
 garbage-first heap   total 102400K, used 39197K [0x0000000089a00000, 0x0000000100000000)
  region size 1024K, 10 young (10240K), 3 survivors (3072K)
 Metaspace       used 69262K, committed 70080K, reserved 1114112K
  class space    used 9734K, committed 10112K, reserved 1048576K
}
Event: 188.817 GC heap after
{Heap after GC invocations=30 (full 2):
 garbage-first heap   total 99328K, used 26767K [0x0000000089a00000, 0x0000000100000000)
  region size 1024K, 0 young (0K), 0 survivors (0K)
 Metaspace       used 68845K, committed 70080K, reserved 1114112K
  class space    used 9629K, committed 10112K, reserved 1048576K
}
Event: 190.787 GC heap before
{Heap before GC invocations=30 (full 2):
 garbage-first heap   total 99328K, used 84111K [0x0000000089a00000, 0x0000000100000000)
  region size 1024K, 57 young (58368K), 0 survivors (0K)
 Metaspace       used 69011K, committed 70080K, reserved 1114112K
  class space    used 9650K, committed 10112K, reserved 1048576K
}
Event: 190.789 GC heap after
{Heap after GC invocations=31 (full 2):
 garbage-first heap   total 99328K, used 31457K [0x0000000089a00000, 0x0000000100000000)
  region size 1024K, 5 young (5120K), 5 survivors (5120K)
 Metaspace       used 69011K, committed 70080K, reserved 1114112K
  class space    used 9650K, committed 10112K, reserved 1048576K
}
Event: 360.525 GC heap before
{Heap before GC invocations=31 (full 2):
 garbage-first heap   total 99328K, used 66273K [0x0000000089a00000, 0x0000000100000000)
  region size 1024K, 40 young (40960K), 5 survivors (5120K)
 Metaspace       used 69227K, committed 70144K, reserved 1114112K
  class space    used 9666K, committed 10112K, reserved 1048576K
}
Event: 360.553 GC heap after
{Heap after GC invocations=32 (full 3):
 garbage-first heap   total 99328K, used 26974K [0x0000000089a00000, 0x0000000100000000)
  region size 1024K, 0 young (0K), 0 survivors (0K)
 Metaspace       used 69222K, committed 70144K, reserved 1114112K
  class space    used 9665K, committed 10112K, reserved 1048576K
}
Event: 361.012 GC heap before
{Heap before GC invocations=32 (full 3):
 garbage-first heap   total 99328K, used 84318K [0x0000000089a00000, 0x0000000100000000)
  region size 1024K, 57 young (58368K), 0 survivors (0K)
 Metaspace       used 69387K, committed 70208K, reserved 1114112K
  class space    used 9686K, committed 10112K, reserved 1048576K
}
Event: 361.014 GC heap after
{Heap after GC invocations=33 (full 3):
 garbage-first heap   total 99328K, used 31525K [0x0000000089a00000, 0x0000000100000000)
  region size 1024K, 5 young (5120K), 5 survivors (5120K)
 Metaspace       used 69387K, committed 70208K, reserved 1114112K
  class space    used 9686K, committed 10112K, reserved 1048576K
}

